2020-11-09 05:24:46,634 [MainThread  ] [INFO ] [django.utils.autorel]  Watching for file changes with StatReloader
2020-11-09 05:24:49,499 [Thread-1    ] [INFO ] [django.server       ]  "GET / HTTP/1.1" 200 3030
2020-11-09 05:24:49,558 [Thread-1    ] [INFO ] [django.server       ]  "GET /static/css/main.8c8b27cf.chunk.css HTTP/1.1" 304 0
2020-11-09 05:24:49,562 [Thread-2    ] [INFO ] [django.server       ]  "GET /static/js/2.6621ffb1.chunk.js HTTP/1.1" 304 0
2020-11-09 05:24:49,562 [Thread-3    ] [INFO ] [django.server       ]  "GET /static/js/main.07026ee7.chunk.js HTTP/1.1" 304 0
2020-11-09 05:24:49,580 [Thread-4    ] [INFO ] [django.server       ]  "OPTIONS /api/reservations/ HTTP/1.1" 200 0
2020-11-09 05:24:49,587 [Thread-1    ] [INFO ] [django.server       ]  "GET /static/css/main.8c8b27cf.chunk.css.map HTTP/1.1" 304 0
2020-11-09 05:24:49,587 [Thread-2    ] [INFO ] [django.server       ]  "GET /static/js/main.07026ee7.chunk.js.map HTTP/1.1" 304 0
2020-11-09 05:24:49,588 [Thread-3    ] [INFO ] [django.server       ]  "GET /static/js/2.6621ffb1.chunk.js.map HTTP/1.1" 304 0
2020-11-09 05:24:49,597 [Thread-4    ] [INFO ] [django.server       ]  "GET /api/reservations/ HTTP/1.1" 200 3837
2020-11-09 05:24:51,417 [Thread-1    ] [INFO ] [django.server       ]  "GET / HTTP/1.1" 200 3030
2020-11-09 05:24:51,481 [Thread-4    ] [INFO ] [django.server       ]  "GET /api/reservations/ HTTP/1.1" 200 3837
2020-11-09 05:30:00,818 [MainThread  ] [INFO ] [django.utils.autorel]  Watching for file changes with StatReloader
2020-11-09 05:30:03,350 [Thread-1    ] [INFO ] [django.server       ]  "GET / HTTP/1.1" 200 3030
2020-11-09 05:30:03,419 [Thread-1    ] [INFO ] [django.server       ]  "GET /static/css/main.8c8b27cf.chunk.css HTTP/1.1" 200 804
2020-11-09 05:30:03,423 [Thread-3    ] [INFO ] [django.server       ]  "GET /static/js/main.07026ee7.chunk.js HTTP/1.1" 200 1682
2020-11-09 05:30:03,424 [Thread-2    ] [INFO ] [django.server       ]  "GET /static/js/2.6621ffb1.chunk.js HTTP/1.1" 200 139970
2020-11-09 05:30:03,451 [Thread-1    ] [INFO ] [django.server       ]  "GET /static/css/main.8c8b27cf.chunk.css.map HTTP/1.1" 200 1434
2020-11-09 05:30:03,452 [Thread-4    ] [INFO ] [django.server       ]  "GET /api/reservations/ HTTP/1.1" 200 3837
2020-11-09 05:30:03,452 [Thread-2    ] [INFO ] [django.server       ]  "GET /static/js/main.07026ee7.chunk.js.map HTTP/1.1" 200 3025
2020-11-09 05:30:03,455 [Thread-3    ] [INFO ] [django.server       ]  "GET /static/js/2.6621ffb1.chunk.js.map HTTP/1.1" 200 365004
2020-11-09 05:30:05,664 [Thread-1    ] [INFO ] [django.server       ]  "GET / HTTP/1.1" 200 3030
2020-11-09 05:30:05,725 [Thread-4    ] [INFO ] [django.server       ]  "GET /api/reservations/ HTTP/1.1" 200 3837
2020-11-09 05:34:38,867 [MainThread  ] [INFO ] [django.utils.autorel]  Watching for file changes with StatReloader
2020-11-09 05:34:47,259 [MainThread  ] [INFO ] [django.utils.autorel]  Watching for file changes with StatReloader
2020-11-09 05:34:50,125 [Thread-1    ] [INFO ] [django.server       ]  "GET / HTTP/1.1" 200 3030
2020-11-09 05:34:50,180 [Thread-1    ] [INFO ] [django.server       ]  "GET /static/css/main.8c8b27cf.chunk.css HTTP/1.1" 304 0
2020-11-09 05:34:50,183 [Thread-2    ] [INFO ] [django.server       ]  "GET /static/js/2.6621ffb1.chunk.js HTTP/1.1" 304 0
2020-11-09 05:34:50,183 [Thread-3    ] [INFO ] [django.server       ]  "GET /static/js/main.07026ee7.chunk.js HTTP/1.1" 304 0
2020-11-09 05:34:50,195 [Thread-4    ] [INFO ] [django.server       ]  "OPTIONS /api/reservations/ HTTP/1.1" 200 0
2020-11-09 05:34:50,200 [Thread-1    ] [INFO ] [django.server       ]  "GET /static/css/main.8c8b27cf.chunk.css.map HTTP/1.1" 304 0
2020-11-09 05:34:50,202 [Thread-2    ] [INFO ] [django.server       ]  "GET /static/js/main.07026ee7.chunk.js.map HTTP/1.1" 304 0
2020-11-09 05:34:50,202 [Thread-3    ] [INFO ] [django.server       ]  "GET /static/js/2.6621ffb1.chunk.js.map HTTP/1.1" 304 0
2020-11-09 05:34:50,211 [Thread-4    ] [INFO ] [django.server       ]  "GET /api/reservations/ HTTP/1.1" 200 3837
